[debug] [2023-08-14T14:55:08.272Z] ----------------------------------------------------------------------
[debug] [2023-08-14T14:55:08.274Z] Command:       C:\Program Files\nodejs\node.exe C:\Users\pigny\AppData\Roaming\npm\node_modules\firebase-tools\lib\bin\firebase.js deploy
[debug] [2023-08-14T14:55:08.274Z] CLI Version:   12.4.7
[debug] [2023-08-14T14:55:08.274Z] Platform:      win32
[debug] [2023-08-14T14:55:08.275Z] Node Version:  v18.12.1
[debug] [2023-08-14T14:55:08.275Z] Time:          Mon Aug 14 2023 16:55:08 GMT+0200 (heure d’été d’Europe centrale)
[debug] [2023-08-14T14:55:08.275Z] ----------------------------------------------------------------------
[debug] 
[debug] [2023-08-14T14:55:08.333Z] > command requires scopes: ["email","openid","https://www.googleapis.com/auth/cloudplatformprojects.readonly","https://www.googleapis.com/auth/firebase","https://www.googleapis.com/auth/cloud-platform"]
[debug] [2023-08-14T14:55:08.334Z] > authorizing via signed-in user (pigny.antoine@gmail.com)
[debug] [2023-08-14T14:55:08.334Z] [iam] checking project fkit-linking-app for permissions ["firebase.projects.get","firebasehosting.sites.update"]
[debug] [2023-08-14T14:55:08.336Z] >>> [apiv2][query] POST https://cloudresourcemanager.googleapis.com/v1/projects/fkit-linking-app:testIamPermissions [none]
[debug] [2023-08-14T14:55:08.336Z] >>> [apiv2][(partial)header] POST https://cloudresourcemanager.googleapis.com/v1/projects/fkit-linking-app:testIamPermissions x-goog-quota-user=projects/fkit-linking-app
[debug] [2023-08-14T14:55:08.336Z] >>> [apiv2][body] POST https://cloudresourcemanager.googleapis.com/v1/projects/fkit-linking-app:testIamPermissions {"permissions":["firebase.projects.get","firebasehosting.sites.update"]}
[debug] [2023-08-14T14:55:09.038Z] <<< [apiv2][status] POST https://cloudresourcemanager.googleapis.com/v1/projects/fkit-linking-app:testIamPermissions 200
[debug] [2023-08-14T14:55:09.039Z] <<< [apiv2][body] POST https://cloudresourcemanager.googleapis.com/v1/projects/fkit-linking-app:testIamPermissions {"permissions":["firebase.projects.get","firebasehosting.sites.update"]}
[debug] [2023-08-14T14:55:09.040Z] >>> [apiv2][query] GET https://firebase.googleapis.com/v1beta1/projects/fkit-linking-app [none]
[debug] [2023-08-14T14:55:09.357Z] <<< [apiv2][status] GET https://firebase.googleapis.com/v1beta1/projects/fkit-linking-app 200
[debug] [2023-08-14T14:55:09.357Z] <<< [apiv2][body] GET https://firebase.googleapis.com/v1beta1/projects/fkit-linking-app {"projectId":"fkit-linking-app","projectNumber":"938099259232","displayName":"FKIT-Linking-App","name":"projects/fkit-linking-app","resources":{"hostingSite":"fkit-linking-app","storageBucket":"fkit-linking-app.appspot.com","locationId":"europe-west2"},"state":"ACTIVE","etag":"1_a5efeaaf-0550-4f45-9bfb-a74d123324f4"}
[debug] [2023-08-14T14:55:13.952Z] defaultcredentials: writing to file C:\Users\pigny\AppData\Roaming\firebase\pigny_antoine_gmail.com_application_default_credentials.json
[debug] [2023-08-14T14:55:13.953Z] >>> [apiv2][query] GET https://firebasehosting.googleapis.com/v1beta1/projects/fkit-linking-app/sites pageToken=&pageSize=10
[debug] [2023-08-14T14:55:14.879Z] <<< [apiv2][status] GET https://firebasehosting.googleapis.com/v1beta1/projects/fkit-linking-app/sites 200
[debug] [2023-08-14T14:55:14.880Z] <<< [apiv2][body] GET https://firebasehosting.googleapis.com/v1beta1/projects/fkit-linking-app/sites {"sites":[{"name":"projects/fkit-linking-app/sites/fkit-linking-app","defaultUrl":"https://fkit-linking-app.web.app","type":"DEFAULT_SITE"}]}
[debug] [2023-08-14T14:55:14.881Z] >>> [apiv2][query] GET https://firebasehosting.googleapis.com/v1beta1/projects/fkit-linking-app/sites 
[debug] [2023-08-14T14:55:15.791Z] <<< [apiv2][status] GET https://firebasehosting.googleapis.com/v1beta1/projects/fkit-linking-app/sites 200
[debug] [2023-08-14T14:55:15.791Z] <<< [apiv2][body] GET https://firebasehosting.googleapis.com/v1beta1/projects/fkit-linking-app/sites {"sites":[{"name":"projects/fkit-linking-app/sites/fkit-linking-app","defaultUrl":"https://fkit-linking-app.web.app","type":"DEFAULT_SITE"}]}
[debug] [2023-08-14T14:55:15.792Z] >>> [apiv2][query] GET https://firebase.googleapis.com/v1beta1/projects/fkit-linking-app/webApps/-/config [none]
[debug] [2023-08-14T14:55:16.626Z] <<< [apiv2][status] GET https://firebase.googleapis.com/v1beta1/projects/fkit-linking-app/webApps/-/config 200
[debug] [2023-08-14T14:55:16.628Z] <<< [apiv2][body] GET https://firebase.googleapis.com/v1beta1/projects/fkit-linking-app/webApps/-/config {"projectId":"fkit-linking-app","appId":"1:938099259232:web:0c23b6b55926e786bc5005","storageBucket":"fkit-linking-app.appspot.com","locationId":"europe-west2","apiKey":"AIzaSyDsNANqGLjrSY19jxY1f8oTn0U9lDKoZxk","authDomain":"fkit-linking-app.firebaseapp.com","messagingSenderId":"938099259232","measurementId":"G-RJPFQXNSZB"}
[info] 
   Thank you for trying our experimental support for SvelteKit on Firebase Hosting.
   While this integration is maintained by Googlers it is not a supported Firebase product.
   Issues filed on GitHub will be addressed on a best-effort basis by maintainers and other community members.

   Documentation: https://firebase.google.com/docs/hosting/frameworks/frameworks-overview
   File a bug: https://github.com/firebase/firebase-tools/issues/new?template=bug_report.md
   Submit a feature request: https://github.com/firebase/firebase-tools/issues/new?template=feature_request.md

   We'd love to learn from you. Express your interest in helping us shape the future of Firebase Hosting: https://goo.gle/41enW5X

[debug] [2023-08-14T14:55:40.386Z] Error: Command failed: npm i --omit dev --no-audit
    at checkExecSyncError (node:child_process:871:11)
    at execSync (node:child_process:943:15)
    at prepareFrameworks (C:\Users\pigny\AppData\Roaming\npm\node_modules\firebase-tools\lib\frameworks\index.js:367:42)
    at async deploy (C:\Users\pigny\AppData\Roaming\npm\node_modules\firebase-tools\lib\deploy\index.js:55:13)
[error] 
[error] Error: An unexpected error has occurred.
